<?xml version="1.0" encoding="UTF-8"?>
<!-- Generated by org.testng.reporters.JUnitReportReporter -->
<testsuite hostname="DESKTOP-DKPAL5P" failures="0" tests="2" name="Test.Test1Home" time="62.384" errors="0" timestamp="2022-12-17T23:41:06 IST" skipped="1">
  <testcase classname="Test.Test1Home" name="ChooseFlightTicket" time="62.384"/>
  <system-out/>
  <testcase classname="Test.Test1Home" name="BookFlightTicket">
    <skipped/>
  </testcase> <!-- BookFlightTicket -->
  <system-out/>
</testsuite> <!-- Test.Test1Home -->
