<?xml version="1.0" encoding="UTF-8"?>
<!-- Generated by org.testng.reporters.JUnitReportReporter -->
<testsuite hostname="DESKTOP-AcerAspire7" failures="0" tests="1" name="Test.Test1Home" time="107.613" errors="0" timestamp="2022-12-17T00:27:32 IST" skipped="0">
  <testcase classname="Test.Test1Home" name="buyhoodies" time="107.613"/>
  <system-out/>
</testsuite> <!-- Test.Test1Home -->
